<?xml version="1.0" encoding="UTF-8"?>
<!-- Generated by org.testng.reporters.JUnitXMLReporter -->
<testsuite hostname="PRC-20170801ZCL" name="Test" tests="2" failures="1" timestamp="27 May 2019 02:28:09 GMT" time="0.021" errors="0">
  <testcase name="f" time="0.004" classname="githubTest.githubTest01.githubDemoPush"/>
  <testcase name="test" time="0.001" classname="githubTest.githubTest01.Demo2">
    <failure type="java.lang.Exception" message="测试2：错误信息">
      <![CDATA[java.lang.Exception: 测试2：错误信息
	at githubTest.githubTest01.Demo2.test(Demo2.java:11)
... Removed 24 stack frames]]>
    </failure>
  </testcase> <!-- test -->
</testsuite> <!-- Test -->
